C51 COMPILER V8.18   MAIN                                                                  03/17/2016 10:35:28 PAGE 1   


C51 COMPILER V8.18, COMPILATION OF MODULE MAIN
OBJECT MODULE PLACED IN main.OBJ
COMPILER INVOKED BY: C:\Keil\C51\BIN\C51.EXE main.c BROWSE DEBUG OBJECTEXTEND

line level    source

   1          #include <reg52.h>
   2          #include <stdio.h>
   3          #include <intrins.h>
   4          
   5          #include "init_serial.h"
   6          
   7          unsigned char x _at_ 0x20;
   8          unsigned char y _at_ 0x30;
   9          
  10          int main() {
  11   1              init_serial();
  12   1              _nop_();
  13   1      
  14   1              x = 0x05;
  15   1      
  16   1              x &= 0x0f;
  17   1              y = x + (x > 9 ? 0x37 : 0x30);
  18   1      
  19   1              printf("y = %bx\n", y);
  20   1      
  21   1              for (; ; );
  22   1      }


MODULE INFORMATION:   STATIC OVERLAYABLE
   CODE SIZE        =     41    ----
   CONSTANT SIZE    =      9    ----
   XDATA SIZE       =   ----    ----
   PDATA SIZE       =   ----    ----
   DATA SIZE        =   ----    ----
   IDATA SIZE       =   ----    ----
   BIT SIZE         =   ----    ----
END OF MODULE INFORMATION.


C51 COMPILATION COMPLETE.  0 WARNING(S),  0 ERROR(S)
