C51 COMPILER V8.18   MAIN                                                                  03/10/2016 11:40:20 PAGE 1   


C51 COMPILER V8.18, COMPILATION OF MODULE MAIN
OBJECT MODULE PLACED IN main.OBJ
COMPILER INVOKED BY: C:\Keil\C51\BIN\C51.EXE main.c BROWSE DEBUG OBJECTEXTEND

line level    source

   1          #include <reg52.h>
   2          
   3          sbit clk = P1^0;
   4          sbit sda = P1^1;
   5          
   6          int main() {
   7   1              clk = 1;
   8   1              sda = 0;
   9   1              for (; ; ) {
  10   2                      clk = !clk;
  11   2                      sda = !sda;
  12   2              }
  13   1      }


MODULE INFORMATION:   STATIC OVERLAYABLE
   CODE SIZE        =     10    ----
   CONSTANT SIZE    =   ----    ----
   XDATA SIZE       =   ----    ----
   PDATA SIZE       =   ----    ----
   DATA SIZE        =   ----    ----
   IDATA SIZE       =   ----    ----
   BIT SIZE         =   ----    ----
END OF MODULE INFORMATION.


C51 COMPILATION COMPLETE.  0 WARNING(S),  0 ERROR(S)
