C51 COMPILER V8.18   MAIN                                                                  03/25/2016 17:14:34 PAGE 1   


C51 COMPILER V8.18, COMPILATION OF MODULE MAIN
OBJECT MODULE PLACED IN main.OBJ
COMPILER INVOKED BY: C:\Keil\C51\BIN\C51.EXE main.c INTVECTOR(0X8000) DEBUG OBJECTEXTEND

line level    source

   1          #define WAVEFORM_SINE 0
   2          #define WAVEFORM_RECTANGULAR 1
   3          #define WAVEFORM_SAW 2
   4          #define WAVEFORM_TRIANGLE 3
   5          #define WAVEFORM WAVEFORM_SINE
   6          
   7          #define EXTRA 1
   8          #define TIME 100
   9          
  10          #include <reg52.h>
  11          #include <stdio.h>
  12          #include <absacc.h>
  13          #include <intrins.h>
  14          
  15          #if WAVEFORM == WAVEFORM_SINE
  16          #include <math.h>
  17          #endif
  18          
  19          #include "init_serial.h"
  20          
  21          #define FOSC 11.0592
  22          #define N_CONSTENT 10
  23          #define NUMBER (360 / N_CONSTENT)
  24          #define DA0832 (XBYTE[0x7fc0])
  25          
  26          unsigned char data x[NUMBER];
  27          
  28          #if EXTRA
  29          void time0_int(void) interrupt 1 {
  30   1              static unsigned char i;
  31   1              i++;
  32   1              i %= NUMBER;
  33   1              DA0832 = x[i];
  34   1      }
  35          #endif
  36          
  37          int main() {
  38   1          unsigned char i;
  39   1      
  40   1          init_serial();
  41   1      
  42   1      #if WAVEFORM == WAVEFORM_SINE
  43   1          for (i = 0; i < NUMBER; i++) {
  44   2              x[i] = 100 * sin(i * N_CONSTENT * 3.1415926535897932384626433832795 / 180) + 128;
  45   2          }
  46   1      #elif WAVEFORM == WAVEFORM_RECTANGULAR
                  for (i = 0; i < NUMBER / 2; i++) {
                      x[i] = 0;
                  }
                  for (i = NUMBER / 2; i < NUMBER; i++) {
                      x[i] = 2 * NUMBER;
                  }
              #elif WAVEFORM == WAVEFORM_SAW
                  for (i = 0; i < NUMBER; i++) {
                      x[i] = 2 * i;
C51 COMPILER V8.18   MAIN                                                                  03/25/2016 17:14:34 PAGE 2   

                  }
              #elif WAVEFORM == WAVEFORM_TRIANGLE
                  for (i = 0; i < NUMBER / 2; i++) {
                      x[i] = 4 * i;
                  }
                  for (i = NUMBER / 2; i < NUMBER; i++) {
                      x[i] = 4 * (NUMBER - i);
                  }
              #endif
  65   1      
  66   1      #if EXTRA
  67   1              TMOD = (TMOD & 0xf0) | 0x2;
  68   1              TH0 = TL0 = (unsigned char)(0xff - 1.0 * TIME * FOSC / 12);
  69   1              printf("%u\n", (unsigned int)(0xff - 1.0 * TIME * FOSC / 12));
  70   1              EA = 1;
  71   1              ET0 = 1;
  72   1              TR0 = 1;
  73   1      
  74   1              for (; ;);
  75   1      #else
                  for (; ;) {
                      for (i = 0; i < NUMBER; i++) {
                          DA0832 = x[i];
                          printf("x[%bd] = %bd\n", i, x[i]);
                      }
                  }
              #endif
  83   1      }


MODULE INFORMATION:   STATIC OVERLAYABLE
   CODE SIZE        =    173    ----
   CONSTANT SIZE    =      4    ----
   XDATA SIZE       =   ----    ----
   PDATA SIZE       =   ----    ----
   DATA SIZE        =     37       1
   IDATA SIZE       =   ----    ----
   BIT SIZE         =   ----    ----
END OF MODULE INFORMATION.


C51 COMPILATION COMPLETE.  0 WARNING(S),  0 ERROR(S)
