C51 COMPILER V8.18   MAIN                                                                  03/31/2016 11:09:21 PAGE 1   


C51 COMPILER V8.18, COMPILATION OF MODULE MAIN
OBJECT MODULE PLACED IN main.OBJ
COMPILER INVOKED BY: C:\Keil\C51\BIN\C51.EXE main.c INTVECTOR(0X8000) DEBUG OBJECTEXTEND

line level    source

   1          #include <reg52.h>
   2          
   3          sbit CS = P1^0;
   4          sbit CLK = P1^1;
   5          sbit DIO = P1^2;
   6          unsigned char rebuf, sebuf, a, b, c;
   7          bdata unsigned char com_data;
   8          sbit mos_bit = com_data^7;
   9          sbit low_bit = com_data^0;
  10          
  11          void delay_50us(void) {
  12   1          unsigned char i;
  13   1          for (i = 0; i < 6; i++);
  14   1      }
  15          
  16          void delay_8us(void) {
  17   1          unsigned char i;
  18   1          for (i = 0; i < 1; i++);
  19   1      }
  20          
  21          void send(unsigned char sebuf) {
  22   1          unsigned char i;
  23   1          CS = 0;
  24   1          delay_50us();
  25   1          for (i = 0; i < 8; i++) {
  26   2              com_data = sebuf;
  27   2              sebuf = com_data << 1;
  28   2              DIO = mos_bit;
  29   2              CLK = 1;
  30   2              delay_8us();
  31   2              CLK = 0;
  32   2              delay_8us();
  33   2          }
  34   1          DIO = 0;
  35   1      }
  36          
  37          void receive(void) {
  38   1          unsigned char i;
  39   1          DIO = 1;
  40   1          delay_50us();
  41   1          for (i = 0; i < 8; i++) {
  42   2              CLK = 1;
  43   2              delay_8us();
  44   2              low_bit = DIO;
  45   2              com_data <<= 1;
  46   2              rebuf = com_data;
  47   2              CLK = 0;
  48   2              delay_8us();
  49   2          }
  50   1          DIO = 0;
  51   1          CS = 1;
  52   1      }
  53          
  54          int main() {
  55   1              EA = 1;
C51 COMPILER V8.18   MAIN                                                                  03/31/2016 11:09:21 PAGE 2   

  56   1              EX0 = 1;
  57   1              IT0 = 1;
  58   1      
  59   1          sebuf = 0xbf;
  60   1          send(sebuf);
  61   1          delay_50us();
  62   1          CS = 1;
  63   1          send(0xa4);
  64   1          delay_50us();
  65   1          CS = 1;
  66   1          for (; ;);
  67   1      }
  68          
  69          void key_int(void) interrupt 0 {
  70   1          send(0x15);
  71   1          delay_50us();
  72   1          receive();
  73   1          delay_50us();
  74   1          CS = 1;
  75   1          rebuf >>= 1;
  76   1      
  77   1              switch (rebuf % 4) {
  78   2                      case 0:
  79   2                              a = 1;
  80   2                              b = 2;
  81   2                              break;
  82   2                      case 1:
  83   2                              a = 0;
  84   2                              b = 8;
  85   2                              break;
  86   2                      case 2:
  87   2                              a = 2;
  88   2                              b = 0;
  89   2                              break;
  90   2                      case 3:
  91   2                              a = 0;
  92   2                              b = 5;
  93   2                              break;
  94   2              }
  95   1      
  96   1          send(0xa1);
  97   1          delay_50us();
  98   1          CS = 1;
  99   1          send(0xa1);
 100   1          delay_50us();
 101   1          CS = 1;
 102   1          send(0x81);
 103   1          delay_50us();
 104   1          send(a);
 105   1          delay_50us();
 106   1          CS = 1;
 107   1          send(0x80);
 108   1          delay_50us();
 109   1          send(b);
 110   1          delay_50us();
 111   1          CS = 1;
 112   1          send(0x88);
 113   1          delay_50us();
 114   1          send(0);
 115   1          CS = 1;
 116   1          send(0x88);
 117   1          delay_50us();
C51 COMPILER V8.18   MAIN                                                                  03/31/2016 11:09:21 PAGE 3   

 118   1          send(0xfc);
 119   1          CS = 1;
 120   1      }


MODULE INFORMATION:   STATIC OVERLAYABLE
   CODE SIZE        =    290    ----
   CONSTANT SIZE    =   ----    ----
   XDATA SIZE       =   ----    ----
   PDATA SIZE       =   ----    ----
   DATA SIZE        =      6    ----
   IDATA SIZE       =   ----    ----
   BIT SIZE         =   ----    ----
END OF MODULE INFORMATION.


C51 COMPILATION COMPLETE.  0 WARNING(S),  0 ERROR(S)
