C51 COMPILER V8.18   MAIN                                                                  03/10/2016 10:34:41 PAGE 1   


C51 COMPILER V8.18, COMPILATION OF MODULE MAIN
OBJECT MODULE PLACED IN main.OBJ
COMPILER INVOKED BY: C:\Keil\C51\BIN\C51.EXE main.c BROWSE DEBUG OBJECTEXTEND

line level    source

   1          #include <reg52.h>
   2          #include <stdio.h>
   3          
   4          #include "init_serial.h"
   5          
   6          int main() {
   7   1              unsigned char i, j;
   8   1              init_serial();
   9   1              for (i = 0; i < 0xff; i++) {
  10   2                      j = P1;
  11   2                      printf("j = %d\n", (int)j);
  12   2              }
  13   1              for (; ; );
  14   1      }


MODULE INFORMATION:   STATIC OVERLAYABLE
   CODE SIZE        =     35    ----
   CONSTANT SIZE    =      8    ----
   XDATA SIZE       =   ----    ----
   PDATA SIZE       =   ----    ----
   DATA SIZE        =   ----       2
   IDATA SIZE       =   ----    ----
   BIT SIZE         =   ----    ----
END OF MODULE INFORMATION.


C51 COMPILATION COMPLETE.  0 WARNING(S),  0 ERROR(S)
