C51 COMPILER V8.18   MAIN                                                                  03/17/2016 11:25:36 PAGE 1   


C51 COMPILER V8.18, COMPILATION OF MODULE MAIN
OBJECT MODULE PLACED IN main.OBJ
COMPILER INVOKED BY: C:\Keil\C51\BIN\C51.EXE main.c DEBUG OBJECTEXTEND

line level    source

   1          #include <reg52.h>
   2          #include <stdio.h>
   3          #include <intrins.h>
   4          
   5          #include "init_serial.h"
   6          
   7          void delay(int x) {
   8   1              while (x >= 0) {
   9   2                      x--;
  10   2              }
  11   1      }
  12          
  13          sbit clk = P3^3;
  14          
  15          int main() {
  16   1              unsigned char x = 1, i;
  17   1              clk = 0;
  18   1              P1 = 0;
  19   1              init_serial();
  20   1      
  21   1              for (; ; ) {
  22   2                      for (i = 0; i <= 7; i++) {
  23   3                              P1 = x;
  24   3                              clk = 1;
  25   3                              _nop_();
  26   3                              clk = 0;
  27   3                              printf("x = %bu\n", x);
  28   3                              x <<= 1;
  29   3                              delay(1000);
  30   3                              delay(1000);
  31   3                              delay(1000);
  32   3                      }
  33   2                      x = 1;
  34   2              }
  35   1      }


MODULE INFORMATION:   STATIC OVERLAYABLE
   CODE SIZE        =     83    ----
   CONSTANT SIZE    =      9    ----
   XDATA SIZE       =   ----    ----
   PDATA SIZE       =   ----    ----
   DATA SIZE        =   ----       2
   IDATA SIZE       =   ----    ----
   BIT SIZE         =   ----    ----
END OF MODULE INFORMATION.


C51 COMPILATION COMPLETE.  0 WARNING(S),  0 ERROR(S)
