C51 COMPILER V8.18   MAIN                                                                  03/11/2016 16:13:09 PAGE 1   


C51 COMPILER V8.18, COMPILATION OF MODULE MAIN
OBJECT MODULE PLACED IN main.OBJ
COMPILER INVOKED BY: C:\Keil\C51\BIN\C51.EXE main.c BROWSE DEBUG OBJECTEXTEND

line level    source

   1          #include <reg52.h>
   2          #include <stdio.h>
   3          
   4          #include "init_serial.h"
   5          
   6          unsigned long x _at_ 0x30;
   7          unsigned long y _at_ 0x40;
   8          
   9          int main() {
  10   1              init_serial();
  11   1              x = 0xf012;
  12   1              y = 0x5678;
  13   1      
  14   1              x *= y;
  15   1      
  16   1              printf("x = %lX and x = %ld", x, x);
  17   1      
  18   1              for (; ; );
  19   1      }


MODULE INFORMATION:   STATIC OVERLAYABLE
   CODE SIZE        =     78    ----
   CONSTANT SIZE    =     20    ----
   XDATA SIZE       =   ----    ----
   PDATA SIZE       =   ----    ----
   DATA SIZE        =   ----    ----
   IDATA SIZE       =   ----    ----
   BIT SIZE         =   ----    ----
END OF MODULE INFORMATION.


C51 COMPILATION COMPLETE.  0 WARNING(S),  0 ERROR(S)
