C51 COMPILER V8.18   MAIN                                                                  03/24/2016 10:16:57 PAGE 1   


C51 COMPILER V8.18, COMPILATION OF MODULE MAIN
OBJECT MODULE PLACED IN main.OBJ
COMPILER INVOKED BY: C:\Keil\C51\BIN\C51.EXE main.c DEBUG OBJECTEXTEND

line level    source

   1          #include <reg52.h>
   2          #include <stdio.h>
   3          #include <absacc.h>
   4          
   5          #include "init_serial.h"
   6          
   7          #define INPUT_IO (XBYTE[0x7fd0])
   8          
   9          int main() {
  10   1              unsigned char x;
  11   1              init_serial();
  12   1      
  13   1              for (; ; ) {
  14   2                      x = INPUT_IO;
  15   2                      P1 = x;
  16   2                      printf("x = %bu\n", x);
  17   2                      while (x == INPUT_IO);
  18   2              }
  19   1      }


MODULE INFORMATION:   STATIC OVERLAYABLE
   CODE SIZE        =     32    ----
   CONSTANT SIZE    =      9    ----
   XDATA SIZE       =   ----    ----
   PDATA SIZE       =   ----    ----
   DATA SIZE        =   ----       1
   IDATA SIZE       =   ----    ----
   BIT SIZE         =   ----    ----
END OF MODULE INFORMATION.


C51 COMPILATION COMPLETE.  0 WARNING(S),  0 ERROR(S)
